Zenphoto Setup v1.4.4[4d20f7093e]: Wed, 16 Jan 2013 17:59:42 +0100
Warn: PHP display_errors [is enabled] This setting may result in PHP error messages being displayed on WEB pages. These displays may contain sentsitive information about your site.
Setting permissions (0644) for Zenphoto package.
Warn: Zenphoto core files [This is a debug build]
Setting permissions (0644) for cache.
Setting permissions (0644) for cache_html.
Setting permissions (0644) for plugins.
Setting permissions (0644) for albums.
Post of Database credentials
Warn: Your filesystem is Macintosh Zenphoto is unable to deal with Macintosh file names containing diacritical marks. You should avoid these.
Warn: Database access rights [insufficient] Your Database user must have Alter, Create, Delete, Drop, Index, Insert, Select and Update  rights.Grants found: GRANT SELECT, INSERT, UPDATE, DELETE, CREATE, DROP, RELOAD, SHUTDOWN, PROCESS, FILE, REFERENCES, INDEX, ALTER, SHOW DATABASES, SUPER, CREATE TEMPORARY TABLES, LOCK TABLES, EXECUTE, REPLICATION SLAVE, REPLICATION CLIENT, CREATE VIEW, SHOW VIEW, CREATE ROUTINE, ALTER ROUTINE, CREATE USER, EVENT, TRIGGER ON *.* TO 'root'@'localhost' IDENTIFIED BY PASSWORD '*81F5E21E35407D884A6CD4A731AEBFB6AF209E1B' WITH GRANT OPTION
Warn: Zenphoto core files [This is a debug build]
Completed system check
Set Zenphoto default options
Migrating lib-auth data version  => version 4
Theme:effervescence_plus setup started
Theme:default setup started
Theme:massonary setup started
Theme:masonary_infographic setup started
Theme:garland setup started
Theme:massonary setup completed
Theme:masonary_2 setup started
Theme:masonary_infographic option interface instantiated
Theme:masonary_infographic setup completed
Theme:masonary_2 option interface instantiated
Theme:default option interface instantiated
Theme:masonary_2 setup completed
Theme:garland option interface instantiated
Theme:effervescence_plus option interface instantiated
Theme:default setup completed
Theme:garland setup completed
Theme:effervescence_plus setup completed
